[2026-05-13 14:05:03] [WARNING] [member] [DENIED] [SourceCode]
[2026-05-13 14:05:03] [WARNING] [member] [DENIED] [SourceCode]
[2026-05-13 14:06:51] [INFO] [librarian] [CONNECT] [docs]
[2026-05-13 14:06:51] [INFO] [librarian] [DISCONNECT] [docs]
[2026-05-13 14:07:05] [INFO] [contributor] [CONNECT] [ebooks]
[2026-05-13 14:07:05] [INFO] [contributor] [READ] [dir]
[2026-05-13 14:07:05] [WARNING] [contributor] [DENIED] [ebooks]
[2026-05-13 14:07:05] [WARNING] [contributor] [DENIED] [ebooks]
[2026-05-13 14:07:05] [WARNING] [contributor] [DENIED] [ebooks]
[2026-05-13 14:07:05] [WARNING] [contributor] [DENIED] [ebooks]
[2026-05-13 14:07:05] [WARNING] [contributor] [DENIED] [ebooks]
[2026-05-13 14:07:05] [WARNING] [contributor] [DENIED] [ebooks]
[2026-05-13 14:07:05] [WARNING] [contributor] [DENIED] [ebooks]
[2026-05-13 14:07:05] [WARNING] [contributor] [DENIED] [ebooks]
[2026-05-13 14:07:05] [WARNING] [contributor] [DENIED] [ebooks]
[2026-05-13 14:07:05] [WARNING] [contributor] [DENIED] [ebooks]
[2026-05-13 14:07:05] [WARNING] [contributor] [DENIED] [ebooks]
[2026-05-13 14:07:05] [WARNING] [contributor] [DENIED] [ebooks]
[2026-05-13 14:07:05] [WARNING] [contributor] [DENIED] [ebooks]
[2026-05-13 14:07:05] [INFO] [contributor] [READ] [persistent.txt]
[2026-05-13 14:07:05] [WARNING] [contributor] [DENIED] [ebooks]
[2026-05-13 14:07:06] [WARNING] [contributor] [DENIED] [ebooks]
[2026-05-13 14:07:06] [INFO] [contributor] [READ] [contributor_ebooks.txt]
[2026-05-13 14:07:06] [WARNING] [contributor] [DENIED] [ebooks]
[2026-05-13 14:07:06] [INFO] [contributor] [READ] [dir]
[2026-05-13 14:07:06] [WARNING] [contributor] [DENIED] [ebooks]
[2026-05-13 14:07:06] [WARNING] [contributor] [DENIED] [ebooks]
[2026-05-13 14:07:06] [INFO] [contributor] [DISCONNECT] [ebooks]
[2026-05-17 07:57:18] [INFO] [member] [CONNECT] [ebooks]
[2026-05-17 07:57:18] [INFO] [member] [DISCONNECT] [ebooks]
